{"level":"info","message":"Server is running on port 5000","timestamp":"2025-11-02 10:26:32"}
{"level":"info","message":"Environment: development","timestamp":"2025-11-02 10:26:32"}
{"level":"info","message":"MongoDB connection status: Check console logs above","timestamp":"2025-11-02 10:26:32"}
{"level":"info","message":"Connected to MongoDB","timestamp":"2025-11-02 10:26:32"}
{"ip":"::1","level":"error","message":"Invalid email or password","method":"POST","stack":"Error: Invalid email or password\n    at C:\\Users\\MEDISOFT\\Desktop\\Farmer Management  System\\backend\\src\\controllers\\authController.ts:22:13\n    at processTicksAndRejections (node:internal/process/task_queues:105:5)","timestamp":"2025-11-02 10:27:04","url":"/api/auth/login"}
{"ip":"::1","level":"error","message":"Invalid email or password","method":"POST","stack":"Error: Invalid email or password\n    at C:\\Users\\MEDISOFT\\Desktop\\Farmer Management  System\\backend\\src\\controllers\\authController.ts:22:13\n    at processTicksAndRejections (node:internal/process/task_queues:105:5)","timestamp":"2025-11-02 10:27:12","url":"/api/auth/login"}
{"ip":"::1","level":"error","message":"Invalid email or password","method":"POST","stack":"Error: Invalid email or password\n    at C:\\Users\\MEDISOFT\\Desktop\\Farmer Management  System\\backend\\src\\controllers\\authController.ts:22:13\n    at processTicksAndRejections (node:internal/process/task_queues:105:5)","timestamp":"2025-11-02 10:27:18","url":"/api/auth/login"}
{"level":"info","message":"User logged in: far@gmail.com","timestamp":"2025-11-02 10:27:27"}
{"level":"info","message":"User logged in: fin@gmail.com","timestamp":"2025-11-02 10:27:43"}
{"level":"info","message":"User logged in: far@gmail.com","timestamp":"2025-11-02 11:05:02"}
{"level":"info","message":"New user registered: farnny@gmail.com","timestamp":"2025-11-02 11:06:26"}
{"level":"info","message":"Server is running on port 5000","timestamp":"2025-11-02 11:08:59"}
{"level":"info","message":"Environment: development","timestamp":"2025-11-02 11:08:59"}
{"level":"info","message":"MongoDB connection status: Check console logs above","timestamp":"2025-11-02 11:08:59"}
{"level":"info","message":"Connected to MongoDB","timestamp":"2025-11-02 11:08:59"}
{"level":"info","message":"Server is running on port 5000","timestamp":"2025-11-02 11:09:14"}
{"level":"info","message":"Environment: development","timestamp":"2025-11-02 11:09:14"}
{"level":"info","message":"MongoDB connection status: Check console logs above","timestamp":"2025-11-02 11:09:14"}
{"level":"info","message":"Connected to MongoDB","timestamp":"2025-11-02 11:09:14"}
{"level":"info","message":"User logged in: fin@gmail.com","timestamp":"2025-11-02 11:10:48"}
{"level":"info","message":"Server is running on port 5000","timestamp":"2025-11-02 11:23:10"}
{"level":"info","message":"Environment: development","timestamp":"2025-11-02 11:23:10"}
{"level":"info","message":"MongoDB connection status: Check console logs above","timestamp":"2025-11-02 11:23:10"}
{"level":"info","message":"Connected to MongoDB","timestamp":"2025-11-02 11:23:10"}
{"level":"info","message":"New user registered: mag@gmial.com","timestamp":"2025-11-02 11:28:54"}
{"level":"info","message":"User logged in: fin@gmail.com","timestamp":"2025-11-02 11:31:18"}
{"level":"info","message":"Server is running on port 5000","timestamp":"2025-11-02 11:34:42"}
{"level":"info","message":"Environment: development","timestamp":"2025-11-02 11:34:42"}
{"level":"info","message":"MongoDB connection status: Check console logs above","timestamp":"2025-11-02 11:34:42"}
{"level":"info","message":"Connected to MongoDB","timestamp":"2025-11-02 11:34:42"}
{"level":"info","message":"User logged in: mag@gmial.com","timestamp":"2025-11-02 11:42:42"}
{"level":"info","message":"User logged in: fin@gmail.com","timestamp":"2025-11-02 11:46:03"}
{"level":"info","message":"User logged in: mag@gmial.com","timestamp":"2025-11-02 11:46:47"}
{"level":"info","message":"Server is running on port 5000","timestamp":"2025-11-02 11:47:28"}
{"level":"info","message":"Environment: development","timestamp":"2025-11-02 11:47:28"}
{"level":"info","message":"MongoDB connection status: Check console logs above","timestamp":"2025-11-02 11:47:28"}
{"level":"info","message":"Connected to MongoDB","timestamp":"2025-11-02 11:47:28"}
{"level":"info","message":"User logged in: far@gmail.com","timestamp":"2025-11-02 11:47:36"}
{"level":"info","message":"Server is running on port 5000","timestamp":"2025-11-02 11:47:51"}
{"level":"info","message":"Environment: development","timestamp":"2025-11-02 11:47:51"}
{"level":"info","message":"MongoDB connection status: Check console logs above","timestamp":"2025-11-02 11:47:51"}
{"level":"info","message":"Connected to MongoDB","timestamp":"2025-11-02 11:47:51"}
{"level":"info","message":"Server is running on port 5000","timestamp":"2025-11-02 11:53:00"}
{"level":"info","message":"Environment: development","timestamp":"2025-11-02 11:53:00"}
{"level":"info","message":"MongoDB connection status: Check console logs above","timestamp":"2025-11-02 11:53:00"}
{"level":"info","message":"Connected to MongoDB","timestamp":"2025-11-02 11:53:00"}
{"level":"info","message":"Server is running on port 5000","timestamp":"2025-11-02 11:53:21"}
{"level":"info","message":"Environment: development","timestamp":"2025-11-02 11:53:21"}
{"level":"info","message":"MongoDB connection status: Check console logs above","timestamp":"2025-11-02 11:53:21"}
{"level":"info","message":"Connected to MongoDB","timestamp":"2025-11-02 11:53:21"}
{"level":"info","message":"User logged in: far@gmail.com","timestamp":"2025-11-02 11:55:50"}
{"level":"info","message":"User logged in: far@gmail.com","timestamp":"2025-11-02 12:04:58"}
{"level":"info","message":"User logged in: mag@gmial.com","timestamp":"2025-11-02 12:05:07"}
{"level":"info","message":"User logged in: far@gmail.com","timestamp":"2025-11-02 12:05:35"}
