{"level":"info","message":"Server is running on port 5000","timestamp":"2025-11-06 07:10:56"}
{"level":"info","message":"Environment: development","timestamp":"2025-11-06 07:10:56"}
{"level":"info","message":"MongoDB connection status: Check console logs above","timestamp":"2025-11-06 07:10:56"}
{"level":"info","message":"Connected to MongoDB","timestamp":"2025-11-06 07:10:56"}
{"level":"info","message":"Scheduled automatic backups with cron: 0 2 * * *","timestamp":"2025-11-06 07:10:56"}
{"level":"info","message":"Automatic backups scheduled","timestamp":"2025-11-06 07:10:56"}
{"level":"info","message":"User logged in: buayism@gmail.com","timestamp":"2025-11-06 07:11:22"}
{"level":"info","message":"User logged in: finance1@gmail.com","timestamp":"2025-11-06 07:12:32"}
{"level":"info","message":"Server is running on port 5000","timestamp":"2025-11-06 07:20:53"}
{"level":"info","message":"Environment: development","timestamp":"2025-11-06 07:20:53"}
{"level":"info","message":"MongoDB connection status: Check console logs above","timestamp":"2025-11-06 07:20:53"}
{"level":"info","message":"Connected to MongoDB","timestamp":"2025-11-06 07:20:53"}
{"level":"info","message":"Scheduled automatic backups with cron: 0 2 * * *","timestamp":"2025-11-06 07:20:53"}
{"level":"info","message":"Automatic backups scheduled","timestamp":"2025-11-06 07:20:53"}
{"level":"info","message":"User logged in: buayism@gmail.com","timestamp":"2025-11-06 07:43:26"}
{"level":"info","message":"User logged in: finance1@gmail.com","timestamp":"2025-11-06 07:45:01"}
{"level":"info","message":"Server is running on port 5000","timestamp":"2025-11-06 07:47:41"}
{"level":"info","message":"Environment: development","timestamp":"2025-11-06 07:47:41"}
{"level":"info","message":"MongoDB connection status: Check console logs above","timestamp":"2025-11-06 07:47:41"}
{"level":"info","message":"Server is running on port 5000","timestamp":"2025-11-06 07:47:41"}
{"level":"info","message":"Environment: development","timestamp":"2025-11-06 07:47:41"}
{"level":"info","message":"MongoDB connection status: Check console logs above","timestamp":"2025-11-06 07:47:41"}
{"level":"info","message":"Connected to MongoDB","timestamp":"2025-11-06 07:47:41"}
{"level":"info","message":"Connected to MongoDB","timestamp":"2025-11-06 07:47:41"}
{"level":"info","message":"Scheduled automatic backups with cron: 0 2 * * *","timestamp":"2025-11-06 07:47:41"}
{"level":"info","message":"Automatic backups scheduled","timestamp":"2025-11-06 07:47:41"}
{"level":"info","message":"Scheduled automatic backups with cron: 0 2 * * *","timestamp":"2025-11-06 07:47:41"}
{"level":"info","message":"Automatic backups scheduled","timestamp":"2025-11-06 07:47:41"}
{"level":"info","message":"Server is running on port 5000","timestamp":"2025-11-06 07:47:47"}
{"level":"info","message":"Environment: development","timestamp":"2025-11-06 07:47:47"}
{"level":"info","message":"MongoDB connection status: Check console logs above","timestamp":"2025-11-06 07:47:47"}
{"level":"info","message":"Connected to MongoDB","timestamp":"2025-11-06 07:47:47"}
{"level":"info","message":"Scheduled automatic backups with cron: 0 2 * * *","timestamp":"2025-11-06 07:47:47"}
{"level":"info","message":"Automatic backups scheduled","timestamp":"2025-11-06 07:47:47"}
{"level":"info","message":"Server is running on port 5000","timestamp":"2025-11-06 15:05:16"}
{"level":"info","message":"Environment: development","timestamp":"2025-11-06 15:05:16"}
{"level":"info","message":"MongoDB connection status: Check console logs above","timestamp":"2025-11-06 15:05:16"}
{"level":"info","message":"Connected to MongoDB","timestamp":"2025-11-06 15:05:17"}
{"level":"info","message":"Scheduled automatic backups with cron: 0 2 * * *","timestamp":"2025-11-06 15:05:17"}
{"level":"info","message":"Automatic backups scheduled","timestamp":"2025-11-06 15:05:17"}
{"level":"info","message":"User logged in: buayism@gmail.com","timestamp":"2025-11-06 15:05:41"}
{"level":"info","message":"User logged in: finance1@gmail.com","timestamp":"2025-11-06 15:06:10"}
{"ip":"::1","level":"error","message":"Invalid email or password","method":"POST","stack":"Error: Invalid email or password\n    at C:\\Users\\MEDISOFT\\Desktop\\Farmer Management  System\\backend\\src\\controllers\\authController.ts:22:13\n    at processTicksAndRejections (node:internal/process/task_queues:105:5)","timestamp":"2025-11-06 15:06:43","url":"/api/auth/login"}
{"level":"info","message":"User logged in: mag@gmial.com","timestamp":"2025-11-06 15:06:52"}
{"level":"info","message":"User logged in: finance1@gmail.com","timestamp":"2025-11-06 15:08:33"}
{"level":"info","message":"Server is running on port 5000","timestamp":"2025-11-06 15:48:40"}
{"level":"info","message":"Environment: development","timestamp":"2025-11-06 15:48:40"}
{"level":"info","message":"MongoDB connection status: Check console logs above","timestamp":"2025-11-06 15:48:40"}
{"level":"info","message":"Connected to MongoDB","timestamp":"2025-11-06 15:48:40"}
{"level":"info","message":"Scheduled automatic backups with cron: 0 2 * * *","timestamp":"2025-11-06 15:48:40"}
{"level":"info","message":"Automatic backups scheduled","timestamp":"2025-11-06 15:48:40"}
{"level":"info","message":"User logged in: buayism@gmail.com","timestamp":"2025-11-06 16:09:57"}
{"ip":"::1","level":"error","message":"\"type\" must be one of [harvest, payment, farmer, financial]","method":"POST","stack":"Error: \"type\" must be one of [harvest, payment, farmer, financial]\n    at C:\\Users\\MEDISOFT\\Desktop\\Farmer Management  System\\backend\\src\\middleware\\validation.ts:181:13\n    at Layer.handleRequest (C:\\Users\\MEDISOFT\\Desktop\\Farmer Management  System\\backend\\node_modules\\router\\lib\\layer.js:152:17)\n    at next (C:\\Users\\MEDISOFT\\Desktop\\Farmer Management  System\\backend\\node_modules\\router\\lib\\route.js:157:13)\n    at C:\\Users\\MEDISOFT\\Desktop\\Farmer Management  System\\backend\\src\\middleware\\auth.ts:104:7\n    at Layer.handleRequest (C:\\Users\\MEDISOFT\\Desktop\\Farmer Management  System\\backend\\node_modules\\router\\lib\\layer.js:152:17)\n    at next (C:\\Users\\MEDISOFT\\Desktop\\Farmer Management  System\\backend\\node_modules\\router\\lib\\route.js:157:13)\n    at authenticate (C:\\Users\\MEDISOFT\\Desktop\\Farmer Management  System\\backend\\src\\middleware\\auth.ts:84:5)\n    at processTicksAndRejections (node:internal/process/task_queues:105:5)","timestamp":"2025-11-06 16:11:38","url":"/api/reports"}
{"level":"info","message":"User logged in: finance1@gmail.com","timestamp":"2025-11-06 16:12:05"}
{"level":"info","message":"User logged in: buayism@gmail.com","timestamp":"2025-11-06 16:13:12"}
{"ip":"::1","level":"error","message":"\"crop_type\" is required, \"quantity\" is required, \"harvest_date\" is required, \"price_per_unit\" is required","method":"POST","stack":"Error: \"crop_type\" is required, \"quantity\" is required, \"harvest_date\" is required, \"price_per_unit\" is required\n    at C:\\Users\\MEDISOFT\\Desktop\\Farmer Management  System\\backend\\src\\middleware\\validation.ts:181:13\n    at Layer.handleRequest (C:\\Users\\MEDISOFT\\Desktop\\Farmer Management  System\\backend\\node_modules\\router\\lib\\layer.js:152:17)\n    at next (C:\\Users\\MEDISOFT\\Desktop\\Farmer Management  System\\backend\\node_modules\\router\\lib\\route.js:157:13)\n    at C:\\Users\\MEDISOFT\\Desktop\\Farmer Management  System\\backend\\src\\middleware\\auth.ts:104:7\n    at Layer.handleRequest (C:\\Users\\MEDISOFT\\Desktop\\Farmer Management  System\\backend\\node_modules\\router\\lib\\layer.js:152:17)\n    at next (C:\\Users\\MEDISOFT\\Desktop\\Farmer Management  System\\backend\\node_modules\\router\\lib\\route.js:157:13)\n    at authenticate (C:\\Users\\MEDISOFT\\Desktop\\Farmer Management  System\\backend\\src\\middleware\\auth.ts:84:5)\n    at processTicksAndRejections (node:internal/process/task_queues:105:5)","timestamp":"2025-11-06 16:14:21","url":"/api/harvests"}
{"ip":"::1","level":"error","message":"\"crop_type\" is required, \"quantity\" is required, \"harvest_date\" is required, \"price_per_unit\" is required","method":"POST","stack":"Error: \"crop_type\" is required, \"quantity\" is required, \"harvest_date\" is required, \"price_per_unit\" is required\n    at C:\\Users\\MEDISOFT\\Desktop\\Farmer Management  System\\backend\\src\\middleware\\validation.ts:181:13\n    at Layer.handleRequest (C:\\Users\\MEDISOFT\\Desktop\\Farmer Management  System\\backend\\node_modules\\router\\lib\\layer.js:152:17)\n    at next (C:\\Users\\MEDISOFT\\Desktop\\Farmer Management  System\\backend\\node_modules\\router\\lib\\route.js:157:13)\n    at C:\\Users\\MEDISOFT\\Desktop\\Farmer Management  System\\backend\\src\\middleware\\auth.ts:104:7\n    at Layer.handleRequest (C:\\Users\\MEDISOFT\\Desktop\\Farmer Management  System\\backend\\node_modules\\router\\lib\\layer.js:152:17)\n    at next (C:\\Users\\MEDISOFT\\Desktop\\Farmer Management  System\\backend\\node_modules\\router\\lib\\route.js:157:13)\n    at authenticate (C:\\Users\\MEDISOFT\\Desktop\\Farmer Management  System\\backend\\src\\middleware\\auth.ts:84:5)\n    at processTicksAndRejections (node:internal/process/task_queues:105:5)","timestamp":"2025-11-06 16:14:52","url":"/api/harvests"}
{"ip":"::1","level":"error","message":"\"crop_type\" is required, \"quantity\" is required, \"harvest_date\" is required, \"price_per_unit\" is required","method":"POST","stack":"Error: \"crop_type\" is required, \"quantity\" is required, \"harvest_date\" is required, \"price_per_unit\" is required\n    at C:\\Users\\MEDISOFT\\Desktop\\Farmer Management  System\\backend\\src\\middleware\\validation.ts:181:13\n    at Layer.handleRequest (C:\\Users\\MEDISOFT\\Desktop\\Farmer Management  System\\backend\\node_modules\\router\\lib\\layer.js:152:17)\n    at next (C:\\Users\\MEDISOFT\\Desktop\\Farmer Management  System\\backend\\node_modules\\router\\lib\\route.js:157:13)\n    at C:\\Users\\MEDISOFT\\Desktop\\Farmer Management  System\\backend\\src\\middleware\\auth.ts:104:7\n    at Layer.handleRequest (C:\\Users\\MEDISOFT\\Desktop\\Farmer Management  System\\backend\\node_modules\\router\\lib\\layer.js:152:17)\n    at next (C:\\Users\\MEDISOFT\\Desktop\\Farmer Management  System\\backend\\node_modules\\router\\lib\\route.js:157:13)\n    at authenticate (C:\\Users\\MEDISOFT\\Desktop\\Farmer Management  System\\backend\\src\\middleware\\auth.ts:84:5)\n    at processTicksAndRejections (node:internal/process/task_queues:105:5)","timestamp":"2025-11-06 16:14:54","url":"/api/harvests"}
{"ip":"::1","level":"error","message":"\"crop_type\" is required, \"quantity\" is required, \"harvest_date\" is required, \"price_per_unit\" is required","method":"POST","stack":"Error: \"crop_type\" is required, \"quantity\" is required, \"harvest_date\" is required, \"price_per_unit\" is required\n    at C:\\Users\\MEDISOFT\\Desktop\\Farmer Management  System\\backend\\src\\middleware\\validation.ts:181:13\n    at Layer.handleRequest (C:\\Users\\MEDISOFT\\Desktop\\Farmer Management  System\\backend\\node_modules\\router\\lib\\layer.js:152:17)\n    at next (C:\\Users\\MEDISOFT\\Desktop\\Farmer Management  System\\backend\\node_modules\\router\\lib\\route.js:157:13)\n    at C:\\Users\\MEDISOFT\\Desktop\\Farmer Management  System\\backend\\src\\middleware\\auth.ts:104:7\n    at Layer.handleRequest (C:\\Users\\MEDISOFT\\Desktop\\Farmer Management  System\\backend\\node_modules\\router\\lib\\layer.js:152:17)\n    at next (C:\\Users\\MEDISOFT\\Desktop\\Farmer Management  System\\backend\\node_modules\\router\\lib\\route.js:157:13)\n    at authenticate (C:\\Users\\MEDISOFT\\Desktop\\Farmer Management  System\\backend\\src\\middleware\\auth.ts:84:5)\n    at processTicksAndRejections (node:internal/process/task_queues:105:5)","timestamp":"2025-11-06 16:14:57","url":"/api/harvests"}
{"level":"info","message":"Server is running on port 5000","timestamp":"2025-11-06 16:18:16"}
{"level":"info","message":"Environment: development","timestamp":"2025-11-06 16:18:16"}
{"level":"info","message":"MongoDB connection status: Check console logs above","timestamp":"2025-11-06 16:18:16"}
{"level":"info","message":"Connected to MongoDB","timestamp":"2025-11-06 16:18:16"}
{"level":"info","message":"Scheduled automatic backups with cron: 0 2 * * *","timestamp":"2025-11-06 16:18:16"}
{"level":"info","message":"Automatic backups scheduled","timestamp":"2025-11-06 16:18:16"}
{"ip":"::1","level":"error","message":"\"type\" must be one of [harvest, payment, farmer, financial]","method":"POST","stack":"Error: \"type\" must be one of [harvest, payment, farmer, financial]\n    at C:\\Users\\MEDISOFT\\Desktop\\Farmer Management  System\\backend\\src\\middleware\\validation.ts:181:13\n    at Layer.handleRequest (C:\\Users\\MEDISOFT\\Desktop\\Farmer Management  System\\backend\\node_modules\\router\\lib\\layer.js:152:17)\n    at next (C:\\Users\\MEDISOFT\\Desktop\\Farmer Management  System\\backend\\node_modules\\router\\lib\\route.js:157:13)\n    at C:\\Users\\MEDISOFT\\Desktop\\Farmer Management  System\\backend\\src\\middleware\\auth.ts:104:7\n    at Layer.handleRequest (C:\\Users\\MEDISOFT\\Desktop\\Farmer Management  System\\backend\\node_modules\\router\\lib\\layer.js:152:17)\n    at next (C:\\Users\\MEDISOFT\\Desktop\\Farmer Management  System\\backend\\node_modules\\router\\lib\\route.js:157:13)\n    at authenticate (C:\\Users\\MEDISOFT\\Desktop\\Farmer Management  System\\backend\\src\\middleware\\auth.ts:84:5)\n    at processTicksAndRejections (node:internal/process/task_queues:105:5)","timestamp":"2025-11-06 16:21:04","url":"/api/reports"}
{"ip":"::1","level":"error","message":"\"type\" must be one of [harvest, payment, farmer, financial]","method":"POST","stack":"Error: \"type\" must be one of [harvest, payment, farmer, financial]\n    at C:\\Users\\MEDISOFT\\Desktop\\Farmer Management  System\\backend\\src\\middleware\\validation.ts:181:13\n    at Layer.handleRequest (C:\\Users\\MEDISOFT\\Desktop\\Farmer Management  System\\backend\\node_modules\\router\\lib\\layer.js:152:17)\n    at next (C:\\Users\\MEDISOFT\\Desktop\\Farmer Management  System\\backend\\node_modules\\router\\lib\\route.js:157:13)\n    at C:\\Users\\MEDISOFT\\Desktop\\Farmer Management  System\\backend\\src\\middleware\\auth.ts:104:7\n    at Layer.handleRequest (C:\\Users\\MEDISOFT\\Desktop\\Farmer Management  System\\backend\\node_modules\\router\\lib\\layer.js:152:17)\n    at next (C:\\Users\\MEDISOFT\\Desktop\\Farmer Management  System\\backend\\node_modules\\router\\lib\\route.js:157:13)\n    at authenticate (C:\\Users\\MEDISOFT\\Desktop\\Farmer Management  System\\backend\\src\\middleware\\auth.ts:84:5)\n    at processTicksAndRejections (node:internal/process/task_queues:105:5)","timestamp":"2025-11-06 16:30:36","url":"/api/reports"}
{"ip":"::1","level":"error","message":"\"type\" must be one of [harvest, payment, farmer, financial]","method":"POST","stack":"Error: \"type\" must be one of [harvest, payment, farmer, financial]\n    at C:\\Users\\MEDISOFT\\Desktop\\Farmer Management  System\\backend\\src\\middleware\\validation.ts:181:13\n    at Layer.handleRequest (C:\\Users\\MEDISOFT\\Desktop\\Farmer Management  System\\backend\\node_modules\\router\\lib\\layer.js:152:17)\n    at next (C:\\Users\\MEDISOFT\\Desktop\\Farmer Management  System\\backend\\node_modules\\router\\lib\\route.js:157:13)\n    at C:\\Users\\MEDISOFT\\Desktop\\Farmer Management  System\\backend\\src\\middleware\\auth.ts:104:7\n    at Layer.handleRequest (C:\\Users\\MEDISOFT\\Desktop\\Farmer Management  System\\backend\\node_modules\\router\\lib\\layer.js:152:17)\n    at next (C:\\Users\\MEDISOFT\\Desktop\\Farmer Management  System\\backend\\node_modules\\router\\lib\\route.js:157:13)\n    at authenticate (C:\\Users\\MEDISOFT\\Desktop\\Farmer Management  System\\backend\\src\\middleware\\auth.ts:84:5)\n    at processTicksAndRejections (node:internal/process/task_queues:105:5)","timestamp":"2025-11-06 16:31:52","url":"/api/reports"}
{"ip":"::1","level":"error","message":"\"type\" must be one of [harvest, payment, farmer, financial]","method":"POST","stack":"Error: \"type\" must be one of [harvest, payment, farmer, financial]\n    at C:\\Users\\MEDISOFT\\Desktop\\Farmer Management  System\\backend\\src\\middleware\\validation.ts:181:13\n    at Layer.handleRequest (C:\\Users\\MEDISOFT\\Desktop\\Farmer Management  System\\backend\\node_modules\\router\\lib\\layer.js:152:17)\n    at next (C:\\Users\\MEDISOFT\\Desktop\\Farmer Management  System\\backend\\node_modules\\router\\lib\\route.js:157:13)\n    at C:\\Users\\MEDISOFT\\Desktop\\Farmer Management  System\\backend\\src\\middleware\\auth.ts:104:7\n    at Layer.handleRequest (C:\\Users\\MEDISOFT\\Desktop\\Farmer Management  System\\backend\\node_modules\\router\\lib\\layer.js:152:17)\n    at next (C:\\Users\\MEDISOFT\\Desktop\\Farmer Management  System\\backend\\node_modules\\router\\lib\\route.js:157:13)\n    at authenticate (C:\\Users\\MEDISOFT\\Desktop\\Farmer Management  System\\backend\\src\\middleware\\auth.ts:84:5)\n    at processTicksAndRejections (node:internal/process/task_queues:105:5)","timestamp":"2025-11-06 16:31:54","url":"/api/reports"}
{"ip":"::1","level":"error","message":"\"type\" must be one of [harvest, payment, farmer, financial]","method":"POST","stack":"Error: \"type\" must be one of [harvest, payment, farmer, financial]\n    at C:\\Users\\MEDISOFT\\Desktop\\Farmer Management  System\\backend\\src\\middleware\\validation.ts:181:13\n    at Layer.handleRequest (C:\\Users\\MEDISOFT\\Desktop\\Farmer Management  System\\backend\\node_modules\\router\\lib\\layer.js:152:17)\n    at next (C:\\Users\\MEDISOFT\\Desktop\\Farmer Management  System\\backend\\node_modules\\router\\lib\\route.js:157:13)\n    at C:\\Users\\MEDISOFT\\Desktop\\Farmer Management  System\\backend\\src\\middleware\\auth.ts:104:7\n    at Layer.handleRequest (C:\\Users\\MEDISOFT\\Desktop\\Farmer Management  System\\backend\\node_modules\\router\\lib\\layer.js:152:17)\n    at next (C:\\Users\\MEDISOFT\\Desktop\\Farmer Management  System\\backend\\node_modules\\router\\lib\\route.js:157:13)\n    at authenticate (C:\\Users\\MEDISOFT\\Desktop\\Farmer Management  System\\backend\\src\\middleware\\auth.ts:84:5)\n    at processTicksAndRejections (node:internal/process/task_queues:105:5)","timestamp":"2025-11-06 16:31:55","url":"/api/reports"}
{"level":"info","message":"Server is running on port 5000","timestamp":"2025-11-06 17:47:00"}
{"level":"info","message":"Environment: development","timestamp":"2025-11-06 17:47:00"}
{"level":"info","message":"MongoDB connection status: Check console logs above","timestamp":"2025-11-06 17:47:00"}
{"level":"info","message":"Connected to MongoDB","timestamp":"2025-11-06 17:47:00"}
{"level":"info","message":"Scheduled automatic backups with cron: 0 2 * * *","timestamp":"2025-11-06 17:47:00"}
{"level":"info","message":"Automatic backups scheduled","timestamp":"2025-11-06 17:47:00"}
{"level":"info","message":"Server is running on port 5000","timestamp":"2025-11-06 17:50:08"}
{"level":"info","message":"Environment: development","timestamp":"2025-11-06 17:50:08"}
{"level":"info","message":"MongoDB connection status: Check console logs above","timestamp":"2025-11-06 17:50:08"}
{"level":"info","message":"Connected to MongoDB","timestamp":"2025-11-06 17:50:08"}
{"level":"info","message":"Scheduled automatic backups with cron: 0 2 * * *","timestamp":"2025-11-06 17:50:08"}
{"level":"info","message":"Automatic backups scheduled","timestamp":"2025-11-06 17:50:08"}
{"level":"info","message":"Server is running on port 5000","timestamp":"2025-11-06 17:50:26"}
{"level":"info","message":"Environment: development","timestamp":"2025-11-06 17:50:26"}
{"level":"info","message":"MongoDB connection status: Check console logs above","timestamp":"2025-11-06 17:50:26"}
{"level":"info","message":"Connected to MongoDB","timestamp":"2025-11-06 17:50:26"}
{"level":"info","message":"Scheduled automatic backups with cron: 0 2 * * *","timestamp":"2025-11-06 17:50:26"}
{"level":"info","message":"Automatic backups scheduled","timestamp":"2025-11-06 17:50:26"}
{"level":"info","message":"Server is running on port 5000","timestamp":"2025-11-06 17:50:54"}
{"level":"info","message":"Environment: development","timestamp":"2025-11-06 17:50:54"}
{"level":"info","message":"MongoDB connection status: Check console logs above","timestamp":"2025-11-06 17:50:54"}
{"level":"info","message":"Connected to MongoDB","timestamp":"2025-11-06 17:50:54"}
{"level":"info","message":"Scheduled automatic backups with cron: 0 2 * * *","timestamp":"2025-11-06 17:50:54"}
{"level":"info","message":"Automatic backups scheduled","timestamp":"2025-11-06 17:50:54"}
{"level":"info","message":"Server is running on port 5000","timestamp":"2025-11-06 17:51:30"}
{"level":"info","message":"Environment: development","timestamp":"2025-11-06 17:51:30"}
{"level":"info","message":"MongoDB connection status: Check console logs above","timestamp":"2025-11-06 17:51:30"}
{"level":"info","message":"Connected to MongoDB","timestamp":"2025-11-06 17:51:30"}
{"level":"info","message":"Scheduled automatic backups with cron: 0 2 * * *","timestamp":"2025-11-06 17:51:30"}
{"level":"info","message":"Automatic backups scheduled","timestamp":"2025-11-06 17:51:30"}
{"level":"info","message":"Server is running on port 5000","timestamp":"2025-11-06 18:49:32"}
{"level":"info","message":"Environment: development","timestamp":"2025-11-06 18:49:32"}
{"level":"info","message":"MongoDB connection status: Check console logs above","timestamp":"2025-11-06 18:49:32"}
{"level":"info","message":"Connected to MongoDB","timestamp":"2025-11-06 18:49:33"}
{"level":"info","message":"Scheduled automatic backups with cron: 0 2 * * *","timestamp":"2025-11-06 18:49:33"}
{"level":"info","message":"Automatic backups scheduled","timestamp":"2025-11-06 18:49:33"}
{"level":"info","message":"Server is running on port 5000","timestamp":"2025-11-06 18:52:17"}
{"level":"info","message":"Environment: development","timestamp":"2025-11-06 18:52:17"}
{"level":"info","message":"MongoDB connection status: Check console logs above","timestamp":"2025-11-06 18:52:17"}
{"level":"info","message":"Connected to MongoDB","timestamp":"2025-11-06 18:52:17"}
{"level":"info","message":"Scheduled automatic backups with cron: 0 2 * * *","timestamp":"2025-11-06 18:52:17"}
{"level":"info","message":"Automatic backups scheduled","timestamp":"2025-11-06 18:52:17"}
{"level":"info","message":"Server is running on port 5000","timestamp":"2025-11-06 19:04:22"}
{"level":"info","message":"Environment: development","timestamp":"2025-11-06 19:04:22"}
{"level":"info","message":"MongoDB connection status: Check console logs above","timestamp":"2025-11-06 19:04:22"}
{"level":"info","message":"Connected to MongoDB","timestamp":"2025-11-06 19:04:22"}
{"level":"info","message":"Scheduled automatic backups with cron: 0 2 * * *","timestamp":"2025-11-06 19:04:22"}
{"level":"info","message":"Automatic backups scheduled","timestamp":"2025-11-06 19:04:22"}
{"level":"info","message":"Server is running on port 5000","timestamp":"2025-11-06 19:04:27"}
{"level":"info","message":"Environment: development","timestamp":"2025-11-06 19:04:27"}
{"level":"info","message":"MongoDB connection status: Check console logs above","timestamp":"2025-11-06 19:04:27"}
{"level":"info","message":"Connected to MongoDB","timestamp":"2025-11-06 19:04:27"}
{"level":"info","message":"Scheduled automatic backups with cron: 0 2 * * *","timestamp":"2025-11-06 19:04:27"}
{"level":"info","message":"Automatic backups scheduled","timestamp":"2025-11-06 19:04:27"}
{"level":"info","message":"Server is running on port 5000","timestamp":"2025-11-06 19:06:36"}
{"level":"info","message":"Environment: development","timestamp":"2025-11-06 19:06:36"}
{"level":"info","message":"MongoDB connection status: Check console logs above","timestamp":"2025-11-06 19:06:36"}
{"level":"info","message":"Connected to MongoDB","timestamp":"2025-11-06 19:06:36"}
{"level":"info","message":"Scheduled automatic backups with cron: 0 2 * * *","timestamp":"2025-11-06 19:06:36"}
{"level":"info","message":"Automatic backups scheduled","timestamp":"2025-11-06 19:06:36"}
{"level":"info","message":"Server is running on port 5000","timestamp":"2025-11-06 19:19:43"}
{"level":"info","message":"Environment: development","timestamp":"2025-11-06 19:19:43"}
{"level":"info","message":"MongoDB connection status: Check console logs above","timestamp":"2025-11-06 19:19:43"}
{"level":"info","message":"Connected to MongoDB","timestamp":"2025-11-06 19:19:43"}
{"level":"info","message":"Scheduled automatic backups with cron: 0 2 * * *","timestamp":"2025-11-06 19:19:43"}
{"level":"info","message":"Automatic backups scheduled","timestamp":"2025-11-06 19:19:43"}
{"level":"info","message":"New user registered: freshtest@example.com","timestamp":"2025-11-06 19:20:38"}
{"level":"info","message":"Server is running on port 5000","timestamp":"2025-11-06 19:33:00"}
{"level":"info","message":"Environment: development","timestamp":"2025-11-06 19:33:00"}
{"level":"info","message":"MongoDB connection status: Check console logs above","timestamp":"2025-11-06 19:33:00"}
{"level":"info","message":"Connected to MongoDB","timestamp":"2025-11-06 19:33:00"}
{"level":"info","message":"Scheduled automatic backups with cron: 0 2 * * *","timestamp":"2025-11-06 19:33:00"}
{"level":"info","message":"Automatic backups scheduled","timestamp":"2025-11-06 19:33:00"}
{"level":"info","message":"New user registered: admin@fmis.com","timestamp":"2025-11-06 19:37:30"}
{"level":"info","message":"New user registered: finance@fmis.com","timestamp":"2025-11-06 19:43:25"}
{"level":"info","message":"New user registered: farmer@fmis.com","timestamp":"2025-11-06 19:43:27"}
{"level":"info","message":"New user registered: officer@fmis.com","timestamp":"2025-11-06 19:45:44"}
{"ip":"::1","level":"error","message":"Invalid or expired token","method":"GET","stack":"Error: Invalid or expired token\n    at verifyToken (C:\\Users\\ELDRED\\Desktop\\farmer-management-system\\backend\\src\\middleware\\auth.ts:43:11)\n    at authenticate (C:\\Users\\ELDRED\\Desktop\\farmer-management-system\\backend\\src\\middleware\\auth.ts:64:32)\n    at Layer.handleRequest (C:\\Users\\ELDRED\\Desktop\\farmer-management-system\\backend\\node_modules\\router\\lib\\layer.js:152:17)\n    at next (C:\\Users\\ELDRED\\Desktop\\farmer-management-system\\backend\\node_modules\\router\\lib\\route.js:157:13)\n    at Route.dispatch (C:\\Users\\ELDRED\\Desktop\\farmer-management-system\\backend\\node_modules\\router\\lib\\route.js:117:3)\n    at handle (C:\\Users\\ELDRED\\Desktop\\farmer-management-system\\backend\\node_modules\\router\\index.js:435:11)\n    at Layer.handleRequest (C:\\Users\\ELDRED\\Desktop\\farmer-management-system\\backend\\node_modules\\router\\lib\\layer.js:152:17)\n    at C:\\Users\\ELDRED\\Desktop\\farmer-management-system\\backend\\node_modules\\router\\index.js:295:15\n    at param (C:\\Users\\ELDRED\\Desktop\\farmer-management-system\\backend\\node_modules\\router\\index.js:600:14)\n    at param (C:\\Users\\ELDRED\\Desktop\\farmer-management-system\\backend\\node_modules\\router\\index.js:610:14)","timestamp":"2025-11-06 19:46:44","url":"/api/payments/status/pending"}
{"ip":"::1","level":"error","message":"Invalid or expired token","method":"GET","stack":"Error: Invalid or expired token\n    at verifyToken (C:\\Users\\ELDRED\\Desktop\\farmer-management-system\\backend\\src\\middleware\\auth.ts:43:11)\n    at authenticate (C:\\Users\\ELDRED\\Desktop\\farmer-management-system\\backend\\src\\middleware\\auth.ts:64:32)\n    at Layer.handleRequest (C:\\Users\\ELDRED\\Desktop\\farmer-management-system\\backend\\node_modules\\router\\lib\\layer.js:152:17)\n    at next (C:\\Users\\ELDRED\\Desktop\\farmer-management-system\\backend\\node_modules\\router\\lib\\route.js:157:13)\n    at Route.dispatch (C:\\Users\\ELDRED\\Desktop\\farmer-management-system\\backend\\node_modules\\router\\lib\\route.js:117:3)\n    at handle (C:\\Users\\ELDRED\\Desktop\\farmer-management-system\\backend\\node_modules\\router\\index.js:435:11)\n    at Layer.handleRequest (C:\\Users\\ELDRED\\Desktop\\farmer-management-system\\backend\\node_modules\\router\\lib\\layer.js:152:17)\n    at C:\\Users\\ELDRED\\Desktop\\farmer-management-system\\backend\\node_modules\\router\\index.js:295:15\n    at param (C:\\Users\\ELDRED\\Desktop\\farmer-management-system\\backend\\node_modules\\router\\index.js:600:14)\n    at param (C:\\Users\\ELDRED\\Desktop\\farmer-management-system\\backend\\node_modules\\router\\index.js:610:14)","timestamp":"2025-11-06 19:46:44","url":"/api/payments/status/pending"}
{"ip":"::1","level":"error","message":"Invalid or expired token","method":"GET","stack":"Error: Invalid or expired token\n    at verifyToken (C:\\Users\\ELDRED\\Desktop\\farmer-management-system\\backend\\src\\middleware\\auth.ts:43:11)\n    at authenticate (C:\\Users\\ELDRED\\Desktop\\farmer-management-system\\backend\\src\\middleware\\auth.ts:64:32)\n    at Layer.handleRequest (C:\\Users\\ELDRED\\Desktop\\farmer-management-system\\backend\\node_modules\\router\\lib\\layer.js:152:17)\n    at next (C:\\Users\\ELDRED\\Desktop\\farmer-management-system\\backend\\node_modules\\router\\lib\\route.js:157:13)\n    at Route.dispatch (C:\\Users\\ELDRED\\Desktop\\farmer-management-system\\backend\\node_modules\\router\\lib\\route.js:117:3)\n    at handle (C:\\Users\\ELDRED\\Desktop\\farmer-management-system\\backend\\node_modules\\router\\index.js:435:11)\n    at Layer.handleRequest (C:\\Users\\ELDRED\\Desktop\\farmer-management-system\\backend\\node_modules\\router\\lib\\layer.js:152:17)\n    at C:\\Users\\ELDRED\\Desktop\\farmer-management-system\\backend\\node_modules\\router\\index.js:295:15\n    at processParams (C:\\Users\\ELDRED\\Desktop\\farmer-management-system\\backend\\node_modules\\router\\index.js:582:12)\n    at next (C:\\Users\\ELDRED\\Desktop\\farmer-management-system\\backend\\node_modules\\router\\index.js:291:5)","timestamp":"2025-11-06 19:46:44","url":"/api/finance/approvals?status=pending"}
{"ip":"::1","level":"error","message":"Invalid or expired token","method":"GET","stack":"Error: Invalid or expired token\n    at verifyToken (C:\\Users\\ELDRED\\Desktop\\farmer-management-system\\backend\\src\\middleware\\auth.ts:43:11)\n    at authenticate (C:\\Users\\ELDRED\\Desktop\\farmer-management-system\\backend\\src\\middleware\\auth.ts:64:32)\n    at Layer.handleRequest (C:\\Users\\ELDRED\\Desktop\\farmer-management-system\\backend\\node_modules\\router\\lib\\layer.js:152:17)\n    at next (C:\\Users\\ELDRED\\Desktop\\farmer-management-system\\backend\\node_modules\\router\\lib\\route.js:157:13)\n    at Route.dispatch (C:\\Users\\ELDRED\\Desktop\\farmer-management-system\\backend\\node_modules\\router\\lib\\route.js:117:3)\n    at handle (C:\\Users\\ELDRED\\Desktop\\farmer-management-system\\backend\\node_modules\\router\\index.js:435:11)\n    at Layer.handleRequest (C:\\Users\\ELDRED\\Desktop\\farmer-management-system\\backend\\node_modules\\router\\lib\\layer.js:152:17)\n    at C:\\Users\\ELDRED\\Desktop\\farmer-management-system\\backend\\node_modules\\router\\index.js:295:15\n    at processParams (C:\\Users\\ELDRED\\Desktop\\farmer-management-system\\backend\\node_modules\\router\\index.js:582:12)\n    at next (C:\\Users\\ELDRED\\Desktop\\farmer-management-system\\backend\\node_modules\\router\\index.js:291:5)","timestamp":"2025-11-06 19:46:44","url":"/api/payments"}
{"ip":"::1","level":"error","message":"Invalid or expired token","method":"GET","stack":"Error: Invalid or expired token\n    at verifyToken (C:\\Users\\ELDRED\\Desktop\\farmer-management-system\\backend\\src\\middleware\\auth.ts:43:11)\n    at authenticate (C:\\Users\\ELDRED\\Desktop\\farmer-management-system\\backend\\src\\middleware\\auth.ts:64:32)\n    at Layer.handleRequest (C:\\Users\\ELDRED\\Desktop\\farmer-management-system\\backend\\node_modules\\router\\lib\\layer.js:152:17)\n    at next (C:\\Users\\ELDRED\\Desktop\\farmer-management-system\\backend\\node_modules\\router\\lib\\route.js:157:13)\n    at Route.dispatch (C:\\Users\\ELDRED\\Desktop\\farmer-management-system\\backend\\node_modules\\router\\lib\\route.js:117:3)\n    at handle (C:\\Users\\ELDRED\\Desktop\\farmer-management-system\\backend\\node_modules\\router\\index.js:435:11)\n    at Layer.handleRequest (C:\\Users\\ELDRED\\Desktop\\farmer-management-system\\backend\\node_modules\\router\\lib\\layer.js:152:17)\n    at C:\\Users\\ELDRED\\Desktop\\farmer-management-system\\backend\\node_modules\\router\\index.js:295:15\n    at processParams (C:\\Users\\ELDRED\\Desktop\\farmer-management-system\\backend\\node_modules\\router\\index.js:582:12)\n    at next (C:\\Users\\ELDRED\\Desktop\\farmer-management-system\\backend\\node_modules\\router\\index.js:291:5)","timestamp":"2025-11-06 19:46:44","url":"/api/farmers"}
{"ip":"::1","level":"error","message":"Invalid or expired token","method":"GET","stack":"Error: Invalid or expired token\n    at verifyToken (C:\\Users\\ELDRED\\Desktop\\farmer-management-system\\backend\\src\\middleware\\auth.ts:43:11)\n    at authenticate (C:\\Users\\ELDRED\\Desktop\\farmer-management-system\\backend\\src\\middleware\\auth.ts:64:32)\n    at Layer.handleRequest (C:\\Users\\ELDRED\\Desktop\\farmer-management-system\\backend\\node_modules\\router\\lib\\layer.js:152:17)\n    at next (C:\\Users\\ELDRED\\Desktop\\farmer-management-system\\backend\\node_modules\\router\\lib\\route.js:157:13)\n    at Route.dispatch (C:\\Users\\ELDRED\\Desktop\\farmer-management-system\\backend\\node_modules\\router\\lib\\route.js:117:3)\n    at handle (C:\\Users\\ELDRED\\Desktop\\farmer-management-system\\backend\\node_modules\\router\\index.js:435:11)\n    at Layer.handleRequest (C:\\Users\\ELDRED\\Desktop\\farmer-management-system\\backend\\node_modules\\router\\lib\\layer.js:152:17)\n    at C:\\Users\\ELDRED\\Desktop\\farmer-management-system\\backend\\node_modules\\router\\index.js:295:15\n    at processParams (C:\\Users\\ELDRED\\Desktop\\farmer-management-system\\backend\\node_modules\\router\\index.js:582:12)\n    at next (C:\\Users\\ELDRED\\Desktop\\farmer-management-system\\backend\\node_modules\\router\\index.js:291:5)","timestamp":"2025-11-06 19:46:44","url":"/api/finance/approvals?status=pending"}
{"ip":"::1","level":"error","message":"Invalid or expired token","method":"GET","stack":"Error: Invalid or expired token\n    at verifyToken (C:\\Users\\ELDRED\\Desktop\\farmer-management-system\\backend\\src\\middleware\\auth.ts:43:11)\n    at authenticate (C:\\Users\\ELDRED\\Desktop\\farmer-management-system\\backend\\src\\middleware\\auth.ts:64:32)\n    at Layer.handleRequest (C:\\Users\\ELDRED\\Desktop\\farmer-management-system\\backend\\node_modules\\router\\lib\\layer.js:152:17)\n    at next (C:\\Users\\ELDRED\\Desktop\\farmer-management-system\\backend\\node_modules\\router\\lib\\route.js:157:13)\n    at Route.dispatch (C:\\Users\\ELDRED\\Desktop\\farmer-management-system\\backend\\node_modules\\router\\lib\\route.js:117:3)\n    at handle (C:\\Users\\ELDRED\\Desktop\\farmer-management-system\\backend\\node_modules\\router\\index.js:435:11)\n    at Layer.handleRequest (C:\\Users\\ELDRED\\Desktop\\farmer-management-system\\backend\\node_modules\\router\\lib\\layer.js:152:17)\n    at C:\\Users\\ELDRED\\Desktop\\farmer-management-system\\backend\\node_modules\\router\\index.js:295:15\n    at processParams (C:\\Users\\ELDRED\\Desktop\\farmer-management-system\\backend\\node_modules\\router\\index.js:582:12)\n    at next (C:\\Users\\ELDRED\\Desktop\\farmer-management-system\\backend\\node_modules\\router\\index.js:291:5)","timestamp":"2025-11-06 19:46:44","url":"/api/harvests"}
{"ip":"::1","level":"error","message":"Invalid or expired token","method":"GET","stack":"Error: Invalid or expired token\n    at verifyToken (C:\\Users\\ELDRED\\Desktop\\farmer-management-system\\backend\\src\\middleware\\auth.ts:43:11)\n    at authenticate (C:\\Users\\ELDRED\\Desktop\\farmer-management-system\\backend\\src\\middleware\\auth.ts:64:32)\n    at Layer.handleRequest (C:\\Users\\ELDRED\\Desktop\\farmer-management-system\\backend\\node_modules\\router\\lib\\layer.js:152:17)\n    at next (C:\\Users\\ELDRED\\Desktop\\farmer-management-system\\backend\\node_modules\\router\\lib\\route.js:157:13)\n    at Route.dispatch (C:\\Users\\ELDRED\\Desktop\\farmer-management-system\\backend\\node_modules\\router\\lib\\route.js:117:3)\n    at handle (C:\\Users\\ELDRED\\Desktop\\farmer-management-system\\backend\\node_modules\\router\\index.js:435:11)\n    at Layer.handleRequest (C:\\Users\\ELDRED\\Desktop\\farmer-management-system\\backend\\node_modules\\router\\lib\\layer.js:152:17)\n    at C:\\Users\\ELDRED\\Desktop\\farmer-management-system\\backend\\node_modules\\router\\index.js:295:15\n    at processParams (C:\\Users\\ELDRED\\Desktop\\farmer-management-system\\backend\\node_modules\\router\\index.js:582:12)\n    at next (C:\\Users\\ELDRED\\Desktop\\farmer-management-system\\backend\\node_modules\\router\\index.js:291:5)","timestamp":"2025-11-06 19:46:44","url":"/api/payments"}
{"ip":"::1","level":"error","message":"Invalid or expired token","method":"GET","stack":"Error: Invalid or expired token\n    at verifyToken (C:\\Users\\ELDRED\\Desktop\\farmer-management-system\\backend\\src\\middleware\\auth.ts:43:11)\n    at authenticate (C:\\Users\\ELDRED\\Desktop\\farmer-management-system\\backend\\src\\middleware\\auth.ts:64:32)\n    at Layer.handleRequest (C:\\Users\\ELDRED\\Desktop\\farmer-management-system\\backend\\node_modules\\router\\lib\\layer.js:152:17)\n    at next (C:\\Users\\ELDRED\\Desktop\\farmer-management-system\\backend\\node_modules\\router\\lib\\route.js:157:13)\n    at Route.dispatch (C:\\Users\\ELDRED\\Desktop\\farmer-management-system\\backend\\node_modules\\router\\lib\\route.js:117:3)\n    at handle (C:\\Users\\ELDRED\\Desktop\\farmer-management-system\\backend\\node_modules\\router\\index.js:435:11)\n    at Layer.handleRequest (C:\\Users\\ELDRED\\Desktop\\farmer-management-system\\backend\\node_modules\\router\\lib\\layer.js:152:17)\n    at C:\\Users\\ELDRED\\Desktop\\farmer-management-system\\backend\\node_modules\\router\\index.js:295:15\n    at processParams (C:\\Users\\ELDRED\\Desktop\\farmer-management-system\\backend\\node_modules\\router\\index.js:582:12)\n    at next (C:\\Users\\ELDRED\\Desktop\\farmer-management-system\\backend\\node_modules\\router\\index.js:291:5)","timestamp":"2025-11-06 19:46:44","url":"/api/farmers"}
{"ip":"::1","level":"error","message":"Invalid or expired token","method":"GET","stack":"Error: Invalid or expired token\n    at verifyToken (C:\\Users\\ELDRED\\Desktop\\farmer-management-system\\backend\\src\\middleware\\auth.ts:43:11)\n    at authenticate (C:\\Users\\ELDRED\\Desktop\\farmer-management-system\\backend\\src\\middleware\\auth.ts:64:32)\n    at Layer.handleRequest (C:\\Users\\ELDRED\\Desktop\\farmer-management-system\\backend\\node_modules\\router\\lib\\layer.js:152:17)\n    at next (C:\\Users\\ELDRED\\Desktop\\farmer-management-system\\backend\\node_modules\\router\\lib\\route.js:157:13)\n    at Route.dispatch (C:\\Users\\ELDRED\\Desktop\\farmer-management-system\\backend\\node_modules\\router\\lib\\route.js:117:3)\n    at handle (C:\\Users\\ELDRED\\Desktop\\farmer-management-system\\backend\\node_modules\\router\\index.js:435:11)\n    at Layer.handleRequest (C:\\Users\\ELDRED\\Desktop\\farmer-management-system\\backend\\node_modules\\router\\lib\\layer.js:152:17)\n    at C:\\Users\\ELDRED\\Desktop\\farmer-management-system\\backend\\node_modules\\router\\index.js:295:15\n    at processParams (C:\\Users\\ELDRED\\Desktop\\farmer-management-system\\backend\\node_modules\\router\\index.js:582:12)\n    at next (C:\\Users\\ELDRED\\Desktop\\farmer-management-system\\backend\\node_modules\\router\\index.js:291:5)","timestamp":"2025-11-06 19:46:44","url":"/api/harvests"}
{"ip":"::1","level":"error","message":"Password must contain at least one uppercase letter, one lowercase letter, and one number","method":"POST","stack":"Error: Password must contain at least one uppercase letter, one lowercase letter, and one number\n    at C:\\Users\\ELDRED\\Desktop\\farmer-management-system\\backend\\src\\middleware\\validation.ts:186:13\n    at Layer.handleRequest (C:\\Users\\ELDRED\\Desktop\\farmer-management-system\\backend\\node_modules\\router\\lib\\layer.js:152:17)\n    at next (C:\\Users\\ELDRED\\Desktop\\farmer-management-system\\backend\\node_modules\\router\\lib\\route.js:157:13)\n    at Route.dispatch (C:\\Users\\ELDRED\\Desktop\\farmer-management-system\\backend\\node_modules\\router\\lib\\route.js:117:3)\n    at handle (C:\\Users\\ELDRED\\Desktop\\farmer-management-system\\backend\\node_modules\\router\\index.js:435:11)\n    at Layer.handleRequest (C:\\Users\\ELDRED\\Desktop\\farmer-management-system\\backend\\node_modules\\router\\lib\\layer.js:152:17)\n    at C:\\Users\\ELDRED\\Desktop\\farmer-management-system\\backend\\node_modules\\router\\index.js:295:15\n    at processParams (C:\\Users\\ELDRED\\Desktop\\farmer-management-system\\backend\\node_modules\\router\\index.js:582:12)\n    at next (C:\\Users\\ELDRED\\Desktop\\farmer-management-system\\backend\\node_modules\\router\\index.js:291:5)\n    at Function.handle (C:\\Users\\ELDRED\\Desktop\\farmer-management-system\\backend\\node_modules\\router\\index.js:186:3)","timestamp":"2025-11-06 19:47:05","url":"/api/auth/register"}
{"level":"info","message":"New user registered: kubanjaelijah@gmail.com","timestamp":"2025-11-06 19:47:39"}
{"level":"info","message":"New user registered: kubanjaelijah2037@gmail.com","timestamp":"2025-11-06 19:49:37"}
{"level":"info","message":"New user registered: kubanjaelijah7697@gmail.com","timestamp":"2025-11-06 19:51:18"}
{"ip":"::1","level":"error","message":"Invalid email or password","method":"POST","stack":"Error: Invalid email or password\n    at C:\\Users\\ELDRED\\Desktop\\farmer-management-system\\backend\\src\\controllers\\authController.ts:22:13\n    at processTicksAndRejections (node:internal/process/task_queues:105:5)","timestamp":"2025-11-06 20:01:12","url":"/api/auth/login"}
{"ip":"::1","level":"error","message":"Invalid email or password","method":"POST","stack":"Error: Invalid email or password\n    at C:\\Users\\ELDRED\\Desktop\\farmer-management-system\\backend\\src\\controllers\\authController.ts:22:13\n    at processTicksAndRejections (node:internal/process/task_queues:105:5)","timestamp":"2025-11-06 20:02:05","url":"/api/auth/login"}
{"level":"info","message":"User logged in: kubanjaelijah2037@gmail.com","timestamp":"2025-11-06 20:02:21"}
{"level":"info","message":"New user registered: jamal@gmail.com","timestamp":"2025-11-06 20:30:24"}
{"level":"info","message":"User logged in: jamal@gmail.com","timestamp":"2025-11-06 21:15:09"}
{"level":"info","message":"Server is running on port 5000","timestamp":"2025-11-06 21:15:41"}
{"level":"info","message":"Environment: development","timestamp":"2025-11-06 21:15:41"}
{"level":"info","message":"MongoDB connection status: Check console logs above","timestamp":"2025-11-06 21:15:41"}
{"level":"info","message":"Connected to MongoDB","timestamp":"2025-11-06 21:15:41"}
{"level":"info","message":"Scheduled automatic backups with cron: 0 2 * * *","timestamp":"2025-11-06 21:15:41"}
{"level":"info","message":"Automatic backups scheduled","timestamp":"2025-11-06 21:15:41"}
{"level":"info","message":"Server is running on port 5000","timestamp":"2025-11-06 21:24:16"}
{"level":"info","message":"Environment: development","timestamp":"2025-11-06 21:24:16"}
{"level":"info","message":"MongoDB connection status: Check console logs above","timestamp":"2025-11-06 21:24:16"}
{"level":"info","message":"Connected to MongoDB","timestamp":"2025-11-06 21:24:16"}
{"level":"info","message":"Scheduled automatic backups with cron: 0 2 * * *","timestamp":"2025-11-06 21:24:16"}
{"level":"info","message":"Automatic backups scheduled","timestamp":"2025-11-06 21:24:16"}
{"level":"info","message":"Server is running on port 5000","timestamp":"2025-11-06 21:38:57"}
{"level":"info","message":"Environment: development","timestamp":"2025-11-06 21:38:57"}
{"level":"info","message":"MongoDB connection status: Check console logs above","timestamp":"2025-11-06 21:38:57"}
{"level":"info","message":"Connected to MongoDB","timestamp":"2025-11-06 21:38:57"}
{"level":"info","message":"Scheduled automatic backups with cron: 0 2 * * *","timestamp":"2025-11-06 21:38:57"}
{"level":"info","message":"Automatic backups scheduled","timestamp":"2025-11-06 21:38:57"}
{"level":"info","message":"Server is running on port 5000","timestamp":"2025-11-06 21:45:12"}
{"level":"info","message":"Environment: development","timestamp":"2025-11-06 21:45:12"}
{"level":"info","message":"MongoDB connection status: Check console logs above","timestamp":"2025-11-06 21:45:12"}
{"level":"info","message":"Connected to MongoDB","timestamp":"2025-11-06 21:45:12"}
{"level":"info","message":"Scheduled automatic backups with cron: 0 2 * * *","timestamp":"2025-11-06 21:45:12"}
{"level":"info","message":"Automatic backups scheduled","timestamp":"2025-11-06 21:45:12"}
{"level":"info","message":"User logged in: jamal@gmail.com","timestamp":"2025-11-06 21:45:14"}
{"level":"info","message":"Server is running on port 5000","timestamp":"2025-11-06 21:45:39"}
{"level":"info","message":"Environment: development","timestamp":"2025-11-06 21:45:39"}
{"level":"info","message":"MongoDB connection status: Check console logs above","timestamp":"2025-11-06 21:45:39"}
{"level":"info","message":"Connected to MongoDB","timestamp":"2025-11-06 21:45:39"}
{"level":"info","message":"Scheduled automatic backups with cron: 0 2 * * *","timestamp":"2025-11-06 21:45:39"}
{"level":"info","message":"Automatic backups scheduled","timestamp":"2025-11-06 21:45:39"}
{"level":"info","message":"Server is running on port 5000","timestamp":"2025-11-06 21:45:56"}
{"level":"info","message":"Environment: development","timestamp":"2025-11-06 21:45:56"}
{"level":"info","message":"MongoDB connection status: Check console logs above","timestamp":"2025-11-06 21:45:56"}
{"level":"info","message":"Connected to MongoDB","timestamp":"2025-11-06 21:45:56"}
{"level":"info","message":"Scheduled automatic backups with cron: 0 2 * * *","timestamp":"2025-11-06 21:45:56"}
{"level":"info","message":"Automatic backups scheduled","timestamp":"2025-11-06 21:45:56"}
{"level":"info","message":"Server is running on port 5000","timestamp":"2025-11-06 21:46:07"}
{"level":"info","message":"Environment: development","timestamp":"2025-11-06 21:46:07"}
{"level":"info","message":"MongoDB connection status: Check console logs above","timestamp":"2025-11-06 21:46:07"}
{"level":"info","message":"Connected to MongoDB","timestamp":"2025-11-06 21:46:07"}
{"level":"info","message":"Scheduled automatic backups with cron: 0 2 * * *","timestamp":"2025-11-06 21:46:07"}
{"level":"info","message":"Automatic backups scheduled","timestamp":"2025-11-06 21:46:07"}
{"level":"info","message":"Server is running on port 5000","timestamp":"2025-11-06 21:46:17"}
{"level":"info","message":"Environment: development","timestamp":"2025-11-06 21:46:17"}
{"level":"info","message":"MongoDB connection status: Check console logs above","timestamp":"2025-11-06 21:46:17"}
{"level":"info","message":"Connected to MongoDB","timestamp":"2025-11-06 21:46:18"}
{"level":"info","message":"Scheduled automatic backups with cron: 0 2 * * *","timestamp":"2025-11-06 21:46:18"}
{"level":"info","message":"Automatic backups scheduled","timestamp":"2025-11-06 21:46:18"}
{"level":"info","message":"Server is running on port 5000","timestamp":"2025-11-06 21:46:36"}
{"level":"info","message":"Environment: development","timestamp":"2025-11-06 21:46:36"}
{"level":"info","message":"MongoDB connection status: Check console logs above","timestamp":"2025-11-06 21:46:36"}
{"level":"info","message":"Connected to MongoDB","timestamp":"2025-11-06 21:46:36"}
{"level":"info","message":"Scheduled automatic backups with cron: 0 2 * * *","timestamp":"2025-11-06 21:46:36"}
{"level":"info","message":"Automatic backups scheduled","timestamp":"2025-11-06 21:46:36"}
{"level":"info","message":"Server is running on port 5000","timestamp":"2025-11-06 21:46:58"}
{"level":"info","message":"Environment: development","timestamp":"2025-11-06 21:46:58"}
{"level":"info","message":"MongoDB connection status: Check console logs above","timestamp":"2025-11-06 21:46:58"}
{"level":"info","message":"Connected to MongoDB","timestamp":"2025-11-06 21:46:58"}
{"level":"info","message":"Scheduled automatic backups with cron: 0 2 * * *","timestamp":"2025-11-06 21:46:58"}
{"level":"info","message":"Automatic backups scheduled","timestamp":"2025-11-06 21:46:58"}
{"ip":"::1","level":"error","message":"Invalid or expired token","method":"GET","stack":"Error: Invalid or expired token\n    at verifyToken (C:\\Users\\ELDRED\\Desktop\\farmer-management-system\\backend\\src\\middleware\\auth.ts:43:11)\n    at authenticate (C:\\Users\\ELDRED\\Desktop\\farmer-management-system\\backend\\src\\middleware\\auth.ts:64:32)\n    at Layer.handleRequest (C:\\Users\\ELDRED\\Desktop\\farmer-management-system\\backend\\node_modules\\router\\lib\\layer.js:152:17)\n    at next (C:\\Users\\ELDRED\\Desktop\\farmer-management-system\\backend\\node_modules\\router\\lib\\route.js:157:13)\n    at Route.dispatch (C:\\Users\\ELDRED\\Desktop\\farmer-management-system\\backend\\node_modules\\router\\lib\\route.js:117:3)\n    at handle (C:\\Users\\ELDRED\\Desktop\\farmer-management-system\\backend\\node_modules\\router\\index.js:435:11)\n    at Layer.handleRequest (C:\\Users\\ELDRED\\Desktop\\farmer-management-system\\backend\\node_modules\\router\\lib\\layer.js:152:17)\n    at C:\\Users\\ELDRED\\Desktop\\farmer-management-system\\backend\\node_modules\\router\\index.js:295:15\n    at processParams (C:\\Users\\ELDRED\\Desktop\\farmer-management-system\\backend\\node_modules\\router\\index.js:582:12)\n    at next (C:\\Users\\ELDRED\\Desktop\\farmer-management-system\\backend\\node_modules\\router\\index.js:291:5)","timestamp":"2025-11-06 21:50:32","url":"/api/farmers"}
{"ip":"::1","level":"error","message":"Invalid or expired token","method":"GET","stack":"Error: Invalid or expired token\n    at verifyToken (C:\\Users\\ELDRED\\Desktop\\farmer-management-system\\backend\\src\\middleware\\auth.ts:43:11)\n    at authenticate (C:\\Users\\ELDRED\\Desktop\\farmer-management-system\\backend\\src\\middleware\\auth.ts:64:32)\n    at Layer.handleRequest (C:\\Users\\ELDRED\\Desktop\\farmer-management-system\\backend\\node_modules\\router\\lib\\layer.js:152:17)\n    at next (C:\\Users\\ELDRED\\Desktop\\farmer-management-system\\backend\\node_modules\\router\\lib\\route.js:157:13)\n    at Route.dispatch (C:\\Users\\ELDRED\\Desktop\\farmer-management-system\\backend\\node_modules\\router\\lib\\route.js:117:3)\n    at handle (C:\\Users\\ELDRED\\Desktop\\farmer-management-system\\backend\\node_modules\\router\\index.js:435:11)\n    at Layer.handleRequest (C:\\Users\\ELDRED\\Desktop\\farmer-management-system\\backend\\node_modules\\router\\lib\\layer.js:152:17)\n    at C:\\Users\\ELDRED\\Desktop\\farmer-management-system\\backend\\node_modules\\router\\index.js:295:15\n    at processParams (C:\\Users\\ELDRED\\Desktop\\farmer-management-system\\backend\\node_modules\\router\\index.js:582:12)\n    at next (C:\\Users\\ELDRED\\Desktop\\farmer-management-system\\backend\\node_modules\\router\\index.js:291:5)","timestamp":"2025-11-06 21:50:32","url":"/api/harvests"}
{"ip":"::1","level":"error","message":"Invalid or expired token","method":"GET","stack":"Error: Invalid or expired token\n    at verifyToken (C:\\Users\\ELDRED\\Desktop\\farmer-management-system\\backend\\src\\middleware\\auth.ts:43:11)\n    at authenticate (C:\\Users\\ELDRED\\Desktop\\farmer-management-system\\backend\\src\\middleware\\auth.ts:64:32)\n    at Layer.handleRequest (C:\\Users\\ELDRED\\Desktop\\farmer-management-system\\backend\\node_modules\\router\\lib\\layer.js:152:17)\n    at next (C:\\Users\\ELDRED\\Desktop\\farmer-management-system\\backend\\node_modules\\router\\lib\\route.js:157:13)\n    at Route.dispatch (C:\\Users\\ELDRED\\Desktop\\farmer-management-system\\backend\\node_modules\\router\\lib\\route.js:117:3)\n    at handle (C:\\Users\\ELDRED\\Desktop\\farmer-management-system\\backend\\node_modules\\router\\index.js:435:11)\n    at Layer.handleRequest (C:\\Users\\ELDRED\\Desktop\\farmer-management-system\\backend\\node_modules\\router\\lib\\layer.js:152:17)\n    at C:\\Users\\ELDRED\\Desktop\\farmer-management-system\\backend\\node_modules\\router\\index.js:295:15\n    at processParams (C:\\Users\\ELDRED\\Desktop\\farmer-management-system\\backend\\node_modules\\router\\index.js:582:12)\n    at next (C:\\Users\\ELDRED\\Desktop\\farmer-management-system\\backend\\node_modules\\router\\index.js:291:5)","timestamp":"2025-11-06 21:50:32","url":"/api/fields"}
{"ip":"::1","level":"error","message":"Invalid or expired token","method":"GET","stack":"Error: Invalid or expired token\n    at verifyToken (C:\\Users\\ELDRED\\Desktop\\farmer-management-system\\backend\\src\\middleware\\auth.ts:43:11)\n    at authenticate (C:\\Users\\ELDRED\\Desktop\\farmer-management-system\\backend\\src\\middleware\\auth.ts:64:32)\n    at Layer.handleRequest (C:\\Users\\ELDRED\\Desktop\\farmer-management-system\\backend\\node_modules\\router\\lib\\layer.js:152:17)\n    at next (C:\\Users\\ELDRED\\Desktop\\farmer-management-system\\backend\\node_modules\\router\\lib\\route.js:157:13)\n    at Route.dispatch (C:\\Users\\ELDRED\\Desktop\\farmer-management-system\\backend\\node_modules\\router\\lib\\route.js:117:3)\n    at handle (C:\\Users\\ELDRED\\Desktop\\farmer-management-system\\backend\\node_modules\\router\\index.js:435:11)\n    at Layer.handleRequest (C:\\Users\\ELDRED\\Desktop\\farmer-management-system\\backend\\node_modules\\router\\lib\\layer.js:152:17)\n    at C:\\Users\\ELDRED\\Desktop\\farmer-management-system\\backend\\node_modules\\router\\index.js:295:15\n    at processParams (C:\\Users\\ELDRED\\Desktop\\farmer-management-system\\backend\\node_modules\\router\\index.js:582:12)\n    at next (C:\\Users\\ELDRED\\Desktop\\farmer-management-system\\backend\\node_modules\\router\\index.js:291:5)","timestamp":"2025-11-06 21:50:32","url":"/api/farmers"}
{"ip":"::1","level":"error","message":"Invalid or expired token","method":"GET","stack":"Error: Invalid or expired token\n    at verifyToken (C:\\Users\\ELDRED\\Desktop\\farmer-management-system\\backend\\src\\middleware\\auth.ts:43:11)\n    at authenticate (C:\\Users\\ELDRED\\Desktop\\farmer-management-system\\backend\\src\\middleware\\auth.ts:64:32)\n    at Layer.handleRequest (C:\\Users\\ELDRED\\Desktop\\farmer-management-system\\backend\\node_modules\\router\\lib\\layer.js:152:17)\n    at next (C:\\Users\\ELDRED\\Desktop\\farmer-management-system\\backend\\node_modules\\router\\lib\\route.js:157:13)\n    at Route.dispatch (C:\\Users\\ELDRED\\Desktop\\farmer-management-system\\backend\\node_modules\\router\\lib\\route.js:117:3)\n    at handle (C:\\Users\\ELDRED\\Desktop\\farmer-management-system\\backend\\node_modules\\router\\index.js:435:11)\n    at Layer.handleRequest (C:\\Users\\ELDRED\\Desktop\\farmer-management-system\\backend\\node_modules\\router\\lib\\layer.js:152:17)\n    at C:\\Users\\ELDRED\\Desktop\\farmer-management-system\\backend\\node_modules\\router\\index.js:295:15\n    at processParams (C:\\Users\\ELDRED\\Desktop\\farmer-management-system\\backend\\node_modules\\router\\index.js:582:12)\n    at next (C:\\Users\\ELDRED\\Desktop\\farmer-management-system\\backend\\node_modules\\router\\index.js:291:5)","timestamp":"2025-11-06 21:50:32","url":"/api/harvests"}
{"ip":"::1","level":"error","message":"Invalid or expired token","method":"GET","stack":"Error: Invalid or expired token\n    at verifyToken (C:\\Users\\ELDRED\\Desktop\\farmer-management-system\\backend\\src\\middleware\\auth.ts:43:11)\n    at authenticate (C:\\Users\\ELDRED\\Desktop\\farmer-management-system\\backend\\src\\middleware\\auth.ts:64:32)\n    at Layer.handleRequest (C:\\Users\\ELDRED\\Desktop\\farmer-management-system\\backend\\node_modules\\router\\lib\\layer.js:152:17)\n    at next (C:\\Users\\ELDRED\\Desktop\\farmer-management-system\\backend\\node_modules\\router\\lib\\route.js:157:13)\n    at Route.dispatch (C:\\Users\\ELDRED\\Desktop\\farmer-management-system\\backend\\node_modules\\router\\lib\\route.js:117:3)\n    at handle (C:\\Users\\ELDRED\\Desktop\\farmer-management-system\\backend\\node_modules\\router\\index.js:435:11)\n    at Layer.handleRequest (C:\\Users\\ELDRED\\Desktop\\farmer-management-system\\backend\\node_modules\\router\\lib\\layer.js:152:17)\n    at C:\\Users\\ELDRED\\Desktop\\farmer-management-system\\backend\\node_modules\\router\\index.js:295:15\n    at processParams (C:\\Users\\ELDRED\\Desktop\\farmer-management-system\\backend\\node_modules\\router\\index.js:582:12)\n    at next (C:\\Users\\ELDRED\\Desktop\\farmer-management-system\\backend\\node_modules\\router\\index.js:291:5)","timestamp":"2025-11-06 21:50:32","url":"/api/fields"}
{"level":"info","message":"User logged in: kubanjaelijah2037@gmail.com","timestamp":"2025-11-06 21:57:10"}
{"ip":"::1","level":"error","message":"Invalid or expired token","method":"POST","stack":"Error: Invalid or expired token\n    at verifyToken (C:\\Users\\ELDRED\\Desktop\\farmer-management-system\\backend\\src\\middleware\\auth.ts:43:11)\n    at authenticate (C:\\Users\\ELDRED\\Desktop\\farmer-management-system\\backend\\src\\middleware\\auth.ts:64:32)\n    at Layer.handleRequest (C:\\Users\\ELDRED\\Desktop\\farmer-management-system\\backend\\node_modules\\router\\lib\\layer.js:152:17)\n    at trimPrefix (C:\\Users\\ELDRED\\Desktop\\farmer-management-system\\backend\\node_modules\\router\\index.js:342:13)\n    at C:\\Users\\ELDRED\\Desktop\\farmer-management-system\\backend\\node_modules\\router\\index.js:297:9\n    at processParams (C:\\Users\\ELDRED\\Desktop\\farmer-management-system\\backend\\node_modules\\router\\index.js:582:12)\n    at next (C:\\Users\\ELDRED\\Desktop\\farmer-management-system\\backend\\node_modules\\router\\index.js:291:5)\n    at Function.handle (C:\\Users\\ELDRED\\Desktop\\farmer-management-system\\backend\\node_modules\\router\\index.js:186:3)\n    at router (C:\\Users\\ELDRED\\Desktop\\farmer-management-system\\backend\\node_modules\\router\\index.js:60:12)\n    at Layer.handleRequest (C:\\Users\\ELDRED\\Desktop\\farmer-management-system\\backend\\node_modules\\router\\lib\\layer.js:152:17)","timestamp":"2025-11-06 21:57:52","url":"/api/access-codes/generate"}
{"ip":"::1","level":"error","message":"Invalid or expired token","method":"POST","stack":"Error: Invalid or expired token\n    at verifyToken (C:\\Users\\ELDRED\\Desktop\\farmer-management-system\\backend\\src\\middleware\\auth.ts:43:11)\n    at authenticate (C:\\Users\\ELDRED\\Desktop\\farmer-management-system\\backend\\src\\middleware\\auth.ts:64:32)\n    at Layer.handleRequest (C:\\Users\\ELDRED\\Desktop\\farmer-management-system\\backend\\node_modules\\router\\lib\\layer.js:152:17)\n    at trimPrefix (C:\\Users\\ELDRED\\Desktop\\farmer-management-system\\backend\\node_modules\\router\\index.js:342:13)\n    at C:\\Users\\ELDRED\\Desktop\\farmer-management-system\\backend\\node_modules\\router\\index.js:297:9\n    at processParams (C:\\Users\\ELDRED\\Desktop\\farmer-management-system\\backend\\node_modules\\router\\index.js:582:12)\n    at next (C:\\Users\\ELDRED\\Desktop\\farmer-management-system\\backend\\node_modules\\router\\index.js:291:5)\n    at Function.handle (C:\\Users\\ELDRED\\Desktop\\farmer-management-system\\backend\\node_modules\\router\\index.js:186:3)\n    at router (C:\\Users\\ELDRED\\Desktop\\farmer-management-system\\backend\\node_modules\\router\\index.js:60:12)\n    at Layer.handleRequest (C:\\Users\\ELDRED\\Desktop\\farmer-management-system\\backend\\node_modules\\router\\lib\\layer.js:152:17)","timestamp":"2025-11-06 21:58:01","url":"/api/access-codes/generate"}
{"ip":"::1","level":"error","message":"Invalid or expired token","method":"POST","stack":"Error: Invalid or expired token\n    at verifyToken (C:\\Users\\ELDRED\\Desktop\\farmer-management-system\\backend\\src\\middleware\\auth.ts:43:11)\n    at authenticate (C:\\Users\\ELDRED\\Desktop\\farmer-management-system\\backend\\src\\middleware\\auth.ts:64:32)\n    at Layer.handleRequest (C:\\Users\\ELDRED\\Desktop\\farmer-management-system\\backend\\node_modules\\router\\lib\\layer.js:152:17)\n    at trimPrefix (C:\\Users\\ELDRED\\Desktop\\farmer-management-system\\backend\\node_modules\\router\\index.js:342:13)\n    at C:\\Users\\ELDRED\\Desktop\\farmer-management-system\\backend\\node_modules\\router\\index.js:297:9\n    at processParams (C:\\Users\\ELDRED\\Desktop\\farmer-management-system\\backend\\node_modules\\router\\index.js:582:12)\n    at next (C:\\Users\\ELDRED\\Desktop\\farmer-management-system\\backend\\node_modules\\router\\index.js:291:5)\n    at Function.handle (C:\\Users\\ELDRED\\Desktop\\farmer-management-system\\backend\\node_modules\\router\\index.js:186:3)\n    at router (C:\\Users\\ELDRED\\Desktop\\farmer-management-system\\backend\\node_modules\\router\\index.js:60:12)\n    at Layer.handleRequest (C:\\Users\\ELDRED\\Desktop\\farmer-management-system\\backend\\node_modules\\router\\lib\\layer.js:152:17)","timestamp":"2025-11-06 21:58:17","url":"/api/access-codes/generate"}
{"ip":"::1","level":"error","message":"Invalid or expired token","method":"POST","stack":"Error: Invalid or expired token\n    at verifyToken (C:\\Users\\ELDRED\\Desktop\\farmer-management-system\\backend\\src\\middleware\\auth.ts:43:11)\n    at authenticate (C:\\Users\\ELDRED\\Desktop\\farmer-management-system\\backend\\src\\middleware\\auth.ts:64:32)\n    at Layer.handleRequest (C:\\Users\\ELDRED\\Desktop\\farmer-management-system\\backend\\node_modules\\router\\lib\\layer.js:152:17)\n    at trimPrefix (C:\\Users\\ELDRED\\Desktop\\farmer-management-system\\backend\\node_modules\\router\\index.js:342:13)\n    at C:\\Users\\ELDRED\\Desktop\\farmer-management-system\\backend\\node_modules\\router\\index.js:297:9\n    at processParams (C:\\Users\\ELDRED\\Desktop\\farmer-management-system\\backend\\node_modules\\router\\index.js:582:12)\n    at next (C:\\Users\\ELDRED\\Desktop\\farmer-management-system\\backend\\node_modules\\router\\index.js:291:5)\n    at Function.handle (C:\\Users\\ELDRED\\Desktop\\farmer-management-system\\backend\\node_modules\\router\\index.js:186:3)\n    at router (C:\\Users\\ELDRED\\Desktop\\farmer-management-system\\backend\\node_modules\\router\\index.js:60:12)\n    at Layer.handleRequest (C:\\Users\\ELDRED\\Desktop\\farmer-management-system\\backend\\node_modules\\router\\lib\\layer.js:152:17)","timestamp":"2025-11-06 21:58:21","url":"/api/access-codes/generate"}
{"level":"info","message":"User logged in: kubanjaelijah2037@gmail.com","timestamp":"2025-11-06 21:58:32"}
{"level":"info","message":"Server is running on port 5000","timestamp":"2025-11-06 21:58:58"}
{"level":"info","message":"Environment: development","timestamp":"2025-11-06 21:58:58"}
{"level":"info","message":"MongoDB connection status: Check console logs above","timestamp":"2025-11-06 21:58:58"}
{"level":"info","message":"Connected to MongoDB","timestamp":"2025-11-06 21:58:59"}
{"level":"info","message":"Scheduled automatic backups with cron: 0 2 * * *","timestamp":"2025-11-06 21:58:59"}
{"level":"info","message":"Automatic backups scheduled","timestamp":"2025-11-06 21:58:59"}
{"level":"info","message":"User logged in: kubanjaelijah2037@gmail.com","timestamp":"2025-11-06 22:05:08"}
{"level":"info","message":"User logged in: jamal@gmail.com","timestamp":"2025-11-06 22:05:20"}
{"ip":"::1","level":"error","message":"Access code is required for this role","method":"POST","stack":"Error: Access code is required for this role\n    at C:\\Users\\ELDRED\\Desktop\\farmer-management-system\\backend\\src\\controllers\\authController.ts:75:13\n    at C:\\Users\\ELDRED\\Desktop\\farmer-management-system\\backend\\src\\middleware\\errorHandler.ts:70:21\n    at Layer.handleRequest (C:\\Users\\ELDRED\\Desktop\\farmer-management-system\\backend\\node_modules\\router\\lib\\layer.js:152:17)\n    at next (C:\\Users\\ELDRED\\Desktop\\farmer-management-system\\backend\\node_modules\\router\\lib\\route.js:157:13)\n    at C:\\Users\\ELDRED\\Desktop\\farmer-management-system\\backend\\src\\middleware\\validation.ts:191:5\n    at Layer.handleRequest (C:\\Users\\ELDRED\\Desktop\\farmer-management-system\\backend\\node_modules\\router\\lib\\layer.js:152:17)\n    at next (C:\\Users\\ELDRED\\Desktop\\farmer-management-system\\backend\\node_modules\\router\\lib\\route.js:157:13)\n    at Route.dispatch (C:\\Users\\ELDRED\\Desktop\\farmer-management-system\\backend\\node_modules\\router\\lib\\route.js:117:3)\n    at handle (C:\\Users\\ELDRED\\Desktop\\farmer-management-system\\backend\\node_modules\\router\\index.js:435:11)\n    at Layer.handleRequest (C:\\Users\\ELDRED\\Desktop\\farmer-management-system\\backend\\node_modules\\router\\lib\\layer.js:152:17)","timestamp":"2025-11-06 22:06:49","url":"/api/auth/register"}
{"ip":"::1","level":"error","message":"Access code is required for this role","method":"POST","stack":"Error: Access code is required for this role\n    at C:\\Users\\ELDRED\\Desktop\\farmer-management-system\\backend\\src\\controllers\\authController.ts:75:13\n    at C:\\Users\\ELDRED\\Desktop\\farmer-management-system\\backend\\src\\middleware\\errorHandler.ts:70:21\n    at Layer.handleRequest (C:\\Users\\ELDRED\\Desktop\\farmer-management-system\\backend\\node_modules\\router\\lib\\layer.js:152:17)\n    at next (C:\\Users\\ELDRED\\Desktop\\farmer-management-system\\backend\\node_modules\\router\\lib\\route.js:157:13)\n    at C:\\Users\\ELDRED\\Desktop\\farmer-management-system\\backend\\src\\middleware\\validation.ts:191:5\n    at Layer.handleRequest (C:\\Users\\ELDRED\\Desktop\\farmer-management-system\\backend\\node_modules\\router\\lib\\layer.js:152:17)\n    at next (C:\\Users\\ELDRED\\Desktop\\farmer-management-system\\backend\\node_modules\\router\\lib\\route.js:157:13)\n    at Route.dispatch (C:\\Users\\ELDRED\\Desktop\\farmer-management-system\\backend\\node_modules\\router\\lib\\route.js:117:3)\n    at handle (C:\\Users\\ELDRED\\Desktop\\farmer-management-system\\backend\\node_modules\\router\\index.js:435:11)\n    at Layer.handleRequest (C:\\Users\\ELDRED\\Desktop\\farmer-management-system\\backend\\node_modules\\router\\lib\\layer.js:152:17)","timestamp":"2025-11-06 22:07:27","url":"/api/auth/register"}
{"level":"info","message":"User logged in: jamal@gmail.com","timestamp":"2025-11-06 22:07:30"}
{"level":"info","message":"Server is running on port 5000","timestamp":"2025-11-06 22:10:32"}
{"level":"info","message":"Environment: development","timestamp":"2025-11-06 22:10:32"}
{"level":"info","message":"MongoDB connection status: Check console logs above","timestamp":"2025-11-06 22:10:32"}
{"level":"info","message":"Connected to MongoDB","timestamp":"2025-11-06 22:10:32"}
{"level":"info","message":"Scheduled automatic backups with cron: 0 2 * * *","timestamp":"2025-11-06 22:10:32"}
{"level":"info","message":"Automatic backups scheduled","timestamp":"2025-11-06 22:10:32"}
{"level":"info","message":"Server is running on port 5000","timestamp":"2025-11-06 22:10:43"}
{"level":"info","message":"Environment: development","timestamp":"2025-11-06 22:10:43"}
{"level":"info","message":"MongoDB connection status: Check console logs above","timestamp":"2025-11-06 22:10:43"}
{"level":"info","message":"Connected to MongoDB","timestamp":"2025-11-06 22:10:43"}
{"level":"info","message":"Scheduled automatic backups with cron: 0 2 * * *","timestamp":"2025-11-06 22:10:43"}
{"level":"info","message":"Automatic backups scheduled","timestamp":"2025-11-06 22:10:43"}
{"level":"info","message":"Server is running on port 5000","timestamp":"2025-11-06 22:10:55"}
{"level":"info","message":"Environment: development","timestamp":"2025-11-06 22:10:55"}
{"level":"info","message":"MongoDB connection status: Check console logs above","timestamp":"2025-11-06 22:10:55"}
{"level":"info","message":"Connected to MongoDB","timestamp":"2025-11-06 22:10:55"}
{"level":"info","message":"Scheduled automatic backups with cron: 0 2 * * *","timestamp":"2025-11-06 22:10:55"}
{"level":"info","message":"Automatic backups scheduled","timestamp":"2025-11-06 22:10:55"}
{"ip":"::1","level":"error","message":"Access code is required for this role","method":"POST","stack":"Error: Access code is required for this role\n    at C:\\Users\\ELDRED\\Desktop\\farmer-management-system\\backend\\src\\controllers\\authController.ts:75:13\n    at C:\\Users\\ELDRED\\Desktop\\farmer-management-system\\backend\\src\\middleware\\errorHandler.ts:70:21\n    at Layer.handleRequest (C:\\Users\\ELDRED\\Desktop\\farmer-management-system\\backend\\node_modules\\router\\lib\\layer.js:152:17)\n    at next (C:\\Users\\ELDRED\\Desktop\\farmer-management-system\\backend\\node_modules\\router\\lib\\route.js:157:13)\n    at C:\\Users\\ELDRED\\Desktop\\farmer-management-system\\backend\\src\\middleware\\validation.ts:191:5\n    at Layer.handleRequest (C:\\Users\\ELDRED\\Desktop\\farmer-management-system\\backend\\node_modules\\router\\lib\\layer.js:152:17)\n    at next (C:\\Users\\ELDRED\\Desktop\\farmer-management-system\\backend\\node_modules\\router\\lib\\route.js:157:13)\n    at Route.dispatch (C:\\Users\\ELDRED\\Desktop\\farmer-management-system\\backend\\node_modules\\router\\lib\\route.js:117:3)\n    at handle (C:\\Users\\ELDRED\\Desktop\\farmer-management-system\\backend\\node_modules\\router\\index.js:435:11)\n    at Layer.handleRequest (C:\\Users\\ELDRED\\Desktop\\farmer-management-system\\backend\\node_modules\\router\\lib\\layer.js:152:17)","timestamp":"2025-11-06 22:13:52","url":"/api/auth/register"}
{"level":"info","message":"Server is running on port 5000","timestamp":"2025-11-06 22:16:55"}
{"level":"info","message":"Environment: development","timestamp":"2025-11-06 22:16:55"}
{"level":"info","message":"MongoDB connection status: Check console logs above","timestamp":"2025-11-06 22:16:55"}
{"level":"info","message":"Connected to MongoDB","timestamp":"2025-11-06 22:16:55"}
{"level":"info","message":"Scheduled automatic backups with cron: 0 2 * * *","timestamp":"2025-11-06 22:16:55"}
{"level":"info","message":"Automatic backups scheduled","timestamp":"2025-11-06 22:16:55"}
{"level":"info","message":"User logged in: jamal@gmail.com","timestamp":"2025-11-06 22:18:07"}
{"ip":"::1","level":"error","message":"Access code is required for this role","method":"POST","stack":"Error: Access code is required for this role\n    at C:\\Users\\ELDRED\\Desktop\\farmer-management-system\\backend\\src\\controllers\\authController.ts:75:13\n    at C:\\Users\\ELDRED\\Desktop\\farmer-management-system\\backend\\src\\middleware\\errorHandler.ts:70:21\n    at Layer.handleRequest (C:\\Users\\ELDRED\\Desktop\\farmer-management-system\\backend\\node_modules\\router\\lib\\layer.js:152:17)\n    at next (C:\\Users\\ELDRED\\Desktop\\farmer-management-system\\backend\\node_modules\\router\\lib\\route.js:157:13)\n    at C:\\Users\\ELDRED\\Desktop\\farmer-management-system\\backend\\src\\middleware\\validation.ts:191:5\n    at Layer.handleRequest (C:\\Users\\ELDRED\\Desktop\\farmer-management-system\\backend\\node_modules\\router\\lib\\layer.js:152:17)\n    at next (C:\\Users\\ELDRED\\Desktop\\farmer-management-system\\backend\\node_modules\\router\\lib\\route.js:157:13)\n    at Route.dispatch (C:\\Users\\ELDRED\\Desktop\\farmer-management-system\\backend\\node_modules\\router\\lib\\route.js:117:3)\n    at handle (C:\\Users\\ELDRED\\Desktop\\farmer-management-system\\backend\\node_modules\\router\\index.js:435:11)\n    at Layer.handleRequest (C:\\Users\\ELDRED\\Desktop\\farmer-management-system\\backend\\node_modules\\router\\lib\\layer.js:152:17)","timestamp":"2025-11-06 22:18:46","url":"/api/auth/register"}
{"level":"info","message":"Server is running on port 5000","timestamp":"2025-11-06 17:51:44"}
{"level":"info","message":"Environment: development","timestamp":"2025-11-06 17:51:44"}
{"level":"info","message":"MongoDB connection status: Check console logs above","timestamp":"2025-11-06 17:51:44"}
{"level":"info","message":"Connected to MongoDB","timestamp":"2025-11-06 17:51:44"}
{"level":"info","message":"Scheduled automatic backups with cron: 0 2 * * *","timestamp":"2025-11-06 17:51:44"}
{"level":"info","message":"Automatic backups scheduled","timestamp":"2025-11-06 17:51:44"}
{"level":"info","message":"User logged in: finance1@gmail.com","timestamp":"2025-11-06 17:55:50"}
{"level":"info","message":"User logged in: mag@gmial.com","timestamp":"2025-11-06 17:57:00"}
{"level":"info","message":"User logged in: buayism@gmail.com","timestamp":"2025-11-06 17:59:18"}
{"level":"info","message":"Server is running on port 5000","timestamp":"2025-11-06 18:53:03"}
{"level":"info","message":"Environment: development","timestamp":"2025-11-06 18:53:03"}
{"level":"info","message":"MongoDB connection status: Check console logs above","timestamp":"2025-11-06 18:53:03"}
{"level":"info","message":"Connected to MongoDB","timestamp":"2025-11-06 18:53:03"}
{"level":"info","message":"Scheduled automatic backups with cron: 0 2 * * *","timestamp":"2025-11-06 18:53:03"}
{"level":"info","message":"Automatic backups scheduled","timestamp":"2025-11-06 18:53:03"}
{"level":"info","message":"Server is running on port 5000","timestamp":"2025-11-06 19:20:38"}
{"level":"info","message":"Environment: development","timestamp":"2025-11-06 19:20:38"}
{"level":"info","message":"MongoDB connection status: Check console logs above","timestamp":"2025-11-06 19:20:38"}
{"level":"info","message":"Connected to MongoDB","timestamp":"2025-11-06 19:20:38"}
{"level":"info","message":"Scheduled automatic backups with cron: 0 2 * * *","timestamp":"2025-11-06 19:20:38"}
{"level":"info","message":"Automatic backups scheduled","timestamp":"2025-11-06 19:20:38"}
{"level":"info","message":"Server is running on port 5000","timestamp":"2025-11-06 19:36:35"}
{"level":"info","message":"Environment: development","timestamp":"2025-11-06 19:36:35"}
{"level":"info","message":"MongoDB connection status: Check console logs above","timestamp":"2025-11-06 19:36:35"}
{"level":"info","message":"Connected to MongoDB","timestamp":"2025-11-06 19:36:35"}
{"level":"info","message":"Scheduled automatic backups with cron: 0 2 * * *","timestamp":"2025-11-06 19:36:35"}
{"level":"info","message":"Automatic backups scheduled","timestamp":"2025-11-06 19:36:35"}
{"level":"info","message":"Server is running on port 5000","timestamp":"2025-11-06 20:26:30"}
{"level":"info","message":"Environment: development","timestamp":"2025-11-06 20:26:30"}
{"level":"info","message":"MongoDB connection status: Check console logs above","timestamp":"2025-11-06 20:26:30"}
{"level":"info","message":"Connected to MongoDB","timestamp":"2025-11-06 20:26:30"}
{"level":"info","message":"Scheduled automatic backups with cron: 0 2 * * *","timestamp":"2025-11-06 20:26:30"}
{"level":"info","message":"Automatic backups scheduled","timestamp":"2025-11-06 20:26:30"}
{"level":"info","message":"User logged in: mag@gmial.com","timestamp":"2025-11-06 20:37:52"}
{"level":"info","message":"User logged in: finance1@gmail.com","timestamp":"2025-11-06 20:39:48"}
{"level":"info","message":"User logged in: buayism@gmail.com","timestamp":"2025-11-06 20:41:01"}
{"level":"info","message":"User logged in: mag@gmial.com","timestamp":"2025-11-06 20:41:47"}
{"level":"info","message":"User logged in: buayism@gmail.com","timestamp":"2025-11-06 20:41:57"}
